2020-09-26 21:55:32,711 INFO org.springframework.boot.StartupInfoLogger [main] Starting HealthCareApplication on L-156206028 with PID 18368 (D:\sravan\gs-actuator-service-master\complete\target\classes started by NA320545 in D:\sravan\gs-actuator-service-master\complete)
2020-09-26 21:55:32,719 INFO org.springframework.boot.SpringApplication [main] No active profile set, falling back to default profiles: default
2020-09-26 21:55:34,098 INFO org.springframework.data.repository.config.RepositoryConfigurationDelegate [main] Bootstrapping Spring Data JPA repositories in DEFAULT mode.
2020-09-26 21:55:34,202 INFO org.springframework.data.repository.config.RepositoryConfigurationDelegate [main] Finished Spring Data repository scanning in 87ms. Found 1 JPA repository interfaces.
2020-09-26 21:55:37,006 INFO org.springframework.boot.web.embedded.tomcat.TomcatWebServer [main] Tomcat initialized with port(s): 9000 (http)
2020-09-26 21:55:37,027 INFO org.apache.juli.logging.DirectJDKLog [main] Initializing ProtocolHandler ["http-nio-9000"]
2020-09-26 21:55:37,029 INFO org.apache.juli.logging.DirectJDKLog [main] Starting service [Tomcat]
2020-09-26 21:55:37,029 INFO org.apache.juli.logging.DirectJDKLog [main] Starting Servlet engine: [Apache Tomcat/9.0.37]
2020-09-26 21:55:37,429 INFO org.apache.juli.logging.DirectJDKLog [main] Initializing Spring embedded WebApplicationContext
2020-09-26 21:55:37,430 INFO org.springframework.boot.web.servlet.context.ServletWebServerApplicationContext [main] Root WebApplicationContext: initialization completed in 4601 ms
2020-09-26 21:55:37,905 INFO org.hibernate.jpa.internal.util.LogHelper [main] HHH000204: Processing PersistenceUnitInfo [name: default]
2020-09-26 21:55:37,994 INFO org.hibernate.Version [main] HHH000412: Hibernate ORM core version 5.4.18.Final
2020-09-26 21:55:38,246 INFO org.hibernate.annotations.common.reflection.java.JavaReflectionManager [main] HCANN000001: Hibernate Commons Annotations {5.0.1.Final}
2020-09-26 21:55:39,441 INFO org.hibernate.dialect.Dialect [main] HHH000400: Using dialect: org.hibernate.dialect.PostgreSQL10Dialect
2020-09-26 21:55:40,603 INFO org.hibernate.engine.transaction.jta.platform.internal.JtaPlatformInitiator [main] HHH000490: Using JtaPlatform implementation: [org.hibernate.engine.transaction.jta.platform.internal.NoJtaPlatform]
2020-09-26 21:55:40,613 INFO org.springframework.orm.jpa.AbstractEntityManagerFactoryBean [main] Initialized JPA EntityManagerFactory for persistence unit 'default'
2020-09-26 21:55:41,442 INFO org.hibernate.dialect.Dialect [main] HHH000400: Using dialect: org.hibernate.dialect.PostgreSQLDialect
2020-09-26 21:55:42,354 INFO org.hibernate.engine.transaction.jta.platform.internal.JtaPlatformInitiator [main] HHH000490: Using JtaPlatform implementation: [org.hibernate.engine.transaction.jta.platform.internal.NoJtaPlatform]
2020-09-26 21:55:42,995 INFO org.springframework.scheduling.concurrent.ExecutorConfigurationSupport [main] Initializing ExecutorService 'applicationTaskExecutor'
2020-09-26 21:55:43,756 INFO org.apache.juli.logging.DirectJDKLog [main] Starting ProtocolHandler ["http-nio-9000"]
2020-09-26 21:55:43,805 INFO org.springframework.boot.web.embedded.tomcat.TomcatWebServer [main] Tomcat started on port(s): 9000 (http) with context path ''
2020-09-26 21:55:44,010 INFO org.springframework.boot.web.embedded.tomcat.TomcatWebServer [main] Tomcat initialized with port(s): 9001 (http)
2020-09-26 21:55:44,011 INFO org.apache.juli.logging.DirectJDKLog [main] Initializing ProtocolHandler ["http-nio-127.0.0.1-9001"]
2020-09-26 21:55:44,012 INFO org.apache.juli.logging.DirectJDKLog [main] Starting service [Tomcat]
2020-09-26 21:55:44,013 INFO org.apache.juli.logging.DirectJDKLog [main] Starting Servlet engine: [Apache Tomcat/9.0.37]
2020-09-26 21:55:44,125 INFO org.apache.juli.logging.DirectJDKLog [main] Initializing Spring embedded WebApplicationContext
2020-09-26 21:55:44,126 INFO org.springframework.boot.web.servlet.context.ServletWebServerApplicationContext [main] Root WebApplicationContext: initialization completed in 313 ms
2020-09-26 21:55:44,153 INFO org.springframework.boot.actuate.endpoint.web.EndpointLinksResolver [main] Exposing 2 endpoint(s) beneath base path '/actuator'
2020-09-26 21:55:44,254 INFO org.apache.juli.logging.DirectJDKLog [main] Starting ProtocolHandler ["http-nio-127.0.0.1-9001"]
2020-09-26 21:55:44,272 INFO org.springframework.boot.web.embedded.tomcat.TomcatWebServer [main] Tomcat started on port(s): 9001 (http) with context path ''
2020-09-26 21:55:44,303 INFO org.springframework.boot.StartupInfoLogger [main] Started HealthCareApplication in 12.656 seconds (JVM running for 14.34)
